<?xml version="1.0" encoding="UTF-8"?>
<testng-results skipped="0" failed="1" ignored="0" total="6" passed="5">
  <reporter-output>
  </reporter-output>
  <suite name="Testing ADL Website" duration-ms="59450" started-at="2022-01-04T08:07:49 PST" finished-at="2022-01-04T08:08:48 PST">
    <groups>
    </groups>
    <test name="Testing ADL Website" duration-ms="59450" started-at="2022-01-04T08:07:49 PST" finished-at="2022-01-04T08:08:48 PST">
      <class name="testsuites.dashboard_test">
        <test-method status="PASS" signature="login()[pri:0, instance:testsuites.dashboard_test@710726a3]" name="login" is-config="true" duration-ms="6343" started-at="2022-01-04T08:08:02 PST" finished-at="2022-01-04T08:08:08 PST">
          <reporter-output>
          </reporter-output>
        </test-method> <!-- login -->
        <test-method status="PASS" signature="dashboard()[pri:0, instance:testsuites.dashboard_test@710726a3]" name="dashboard" duration-ms="344" started-at="2022-01-04T08:08:08 PST" finished-at="2022-01-04T08:08:08 PST">
          <reporter-output>
          </reporter-output>
        </test-method> <!-- dashboard -->
        <test-method status="PASS" signature="close()[pri:0, instance:testsuites.dashboard_test@710726a3]" name="close" is-config="true" duration-ms="612" started-at="2022-01-04T08:08:09 PST" finished-at="2022-01-04T08:08:09 PST">
          <reporter-output>
          </reporter-output>
        </test-method> <!-- close -->
      </class> <!-- testsuites.dashboard_test -->
      <class name="testsuites.login_test">
        <test-method status="PASS" signature="welcomePage()[pri:1, instance:testsuites.login_test@1d371b2d]" name="welcomePage" duration-ms="7801" started-at="2022-01-04T08:07:49 PST" finished-at="2022-01-04T08:07:57 PST">
          <reporter-output>
          </reporter-output>
        </test-method> <!-- welcomePage -->
        <test-method status="PASS" signature="loggedIn(java.lang.String,java.lang.String)[pri:2, instance:testsuites.login_test@1d371b2d]" name="loggedIn" duration-ms="3756" started-at="2022-01-04T08:07:57 PST" finished-at="2022-01-04T08:08:01 PST">
          <params>
            <param index="0">
              <value>
                <![CDATA[Dealer7032823]]>
              </value>
            </param>
            <param index="1">
              <value>
                <![CDATA[4558600]]>
              </value>
            </param>
          </params>
          <reporter-output>
          </reporter-output>
        </test-method> <!-- loggedIn -->
        <test-method status="PASS" signature="logout1()[pri:3, instance:testsuites.login_test@1d371b2d]" name="logout1" duration-ms="448" started-at="2022-01-04T08:08:01 PST" finished-at="2022-01-04T08:08:01 PST">
          <reporter-output>
          </reporter-output>
        </test-method> <!-- logout1 -->
        <test-method status="PASS" signature="close()[pri:0, instance:testsuites.login_test@1d371b2d]" name="close" is-config="true" duration-ms="681" started-at="2022-01-04T08:08:01 PST" finished-at="2022-01-04T08:08:02 PST">
          <reporter-output>
          </reporter-output>
        </test-method> <!-- close -->
      </class> <!-- testsuites.login_test -->
      <class name="testsuites.quote_test">
        <test-method status="PASS" signature="login()[pri:0, instance:testsuites.quote_test@481a15ff]" name="login" is-config="true" duration-ms="6012" started-at="2022-01-04T08:08:28 PST" finished-at="2022-01-04T08:08:34 PST">
          <reporter-output>
          </reporter-output>
        </test-method> <!-- login -->
        <test-method status="PASS" signature="createQuote1([Ljava.lang.String;)[pri:1, instance:testsuites.quote_test@481a15ff]" name="createQuote1" duration-ms="13269" started-at="2022-01-04T08:08:34 PST" data-provider="test1" finished-at="2022-01-04T08:08:47 PST">
          <params>
            <param index="0">
              <value>
                <![CDATA[[Ljava.lang.String;@7a8406c2]]>
              </value>
            </param>
          </params>
          <reporter-output>
          </reporter-output>
        </test-method> <!-- createQuote1 -->
        <test-method status="PASS" signature="close()[pri:0, instance:testsuites.quote_test@481a15ff]" name="close" is-config="true" duration-ms="896" started-at="2022-01-04T08:08:47 PST" finished-at="2022-01-04T08:08:48 PST">
          <reporter-output>
          </reporter-output>
        </test-method> <!-- close -->
      </class> <!-- testsuites.quote_test -->
      <class name="testsuites.contract_test">
        <test-method status="PASS" signature="login()[pri:0, instance:testsuites.contract_test@646007f4]" name="login" is-config="true" duration-ms="5909" started-at="2022-01-04T08:08:09 PST" finished-at="2022-01-04T08:08:15 PST">
          <reporter-output>
          </reporter-output>
        </test-method> <!-- login -->
        <test-method status="FAIL" signature="createContract1([Ljava.lang.String;)[pri:1, instance:testsuites.contract_test@646007f4]" name="createContract1" duration-ms="11092" started-at="2022-01-04T08:08:16 PST" data-provider="test1" finished-at="2022-01-04T08:08:27 PST">
          <params>
            <param index="0">
              <value>
                <![CDATA[[Ljava.lang.String;@9fc9f91]]>
              </value>
            </param>
          </params>
          <exception class="java.lang.AssertionError">
            <message>
              <![CDATA[Total Price Mismatch expected [true] but found [false]]]>
            </message>
            <full-stacktrace>
              <![CDATA[java.lang.AssertionError: Total Price Mismatch expected [true] but found [false]
at org.testng.Assert.fail(Assert.java:99)
at org.testng.Assert.failNotEquals(Assert.java:1037)
at org.testng.Assert.assertEqualsImpl(Assert.java:140)
at org.testng.Assert.assertEquals(Assert.java:122)
at org.testng.Assert.assertEquals(Assert.java:819)
at po.contractpo.createContract(contractpo.java:57)
at testsuites.contract_test.createContract1(contract_test.java:37)
at sun.reflect.NativeMethodAccessorImpl.invoke0(Native Method)
at sun.reflect.NativeMethodAccessorImpl.invoke(NativeMethodAccessorImpl.java:62)
at sun.reflect.DelegatingMethodAccessorImpl.invoke(DelegatingMethodAccessorImpl.java:43)
at java.lang.reflect.Method.invoke(Method.java:498)
at org.testng.internal.MethodInvocationHelper.invokeMethod(MethodInvocationHelper.java:133)
at org.testng.internal.TestInvoker.invokeMethod(TestInvoker.java:598)
at org.testng.internal.TestInvoker.invokeTestMethod(TestInvoker.java:173)
at org.testng.internal.MethodRunner.runInSequence(MethodRunner.java:46)
at org.testng.internal.TestInvoker$MethodInvocationAgent.invoke(TestInvoker.java:824)
at org.testng.internal.TestInvoker.invokeTestMethods(TestInvoker.java:146)
at org.testng.internal.TestMethodWorker.invokeTestMethods(TestMethodWorker.java:146)
at org.testng.internal.TestMethodWorker.run(TestMethodWorker.java:128)
at java.util.ArrayList.forEach(ArrayList.java:1259)
at org.testng.TestRunner.privateRun(TestRunner.java:794)
at org.testng.TestRunner.run(TestRunner.java:596)
at org.testng.SuiteRunner.runTest(SuiteRunner.java:377)
at org.testng.SuiteRunner.runSequentially(SuiteRunner.java:371)
at org.testng.SuiteRunner.privateRun(SuiteRunner.java:332)
at org.testng.SuiteRunner.run(SuiteRunner.java:276)
at org.testng.SuiteRunnerWorker.runSuite(SuiteRunnerWorker.java:53)
at org.testng.SuiteRunnerWorker.run(SuiteRunnerWorker.java:96)
at org.testng.TestNG.runSuitesSequentially(TestNG.java:1212)
at org.testng.TestNG.runSuitesLocally(TestNG.java:1134)
at org.testng.TestNG.runSuites(TestNG.java:1063)
at org.testng.TestNG.run(TestNG.java:1031)
at org.testng.remote.AbstractRemoteTestNG.run(AbstractRemoteTestNG.java:115)
at org.testng.remote.RemoteTestNG.initAndRun(RemoteTestNG.java:251)
at org.testng.remote.RemoteTestNG.main(RemoteTestNG.java:77)
]]>
            </full-stacktrace>
          </exception> <!-- java.lang.AssertionError -->
          <reporter-output>
          </reporter-output>
        </test-method> <!-- createContract1 -->
        <test-method status="PASS" signature="close()[pri:0, instance:testsuites.contract_test@646007f4]" name="close" is-config="true" duration-ms="751" started-at="2022-01-04T08:08:27 PST" finished-at="2022-01-04T08:08:28 PST">
          <reporter-output>
          </reporter-output>
        </test-method> <!-- close -->
      </class> <!-- testsuites.contract_test -->
    </test> <!-- Testing ADL Website -->
  </suite> <!-- Testing ADL Website -->
</testng-results>
